
다음에 접속됨: Oracle Database 12c Enterprise Edition Release 12.2.0.1.0 - 64bit Production
KO16MSWIN949 문자 설정과 UTF8 NCHAR 문자 설정에서 익스포트가 종료되었습니다
서버는 AL32UTF8 문자 집합을 사용합니다 (문자집합 변환이 가능합니다)

지정된 테이블을 익스포트하려고 합니다 via 규정 경로...
. .                             BOM 테이블 익스포트 중
                                                           11개의 행이 엑스포트되었습니다
EXP-00091: 불완전한 통계를 익스포트 중입니다.
EXP-00091: 불완전한 통계를 익스포트 중입니다.
. .                           BOOKS 테이블 익스포트 중
                                                           10개의 행이 엑스포트되었습니다
EXP-00091: 불완전한 통계를 익스포트 중입니다.
EXP-00091: 불완전한 통계를 익스포트 중입니다.
. .                       BOOKS_BAK 테이블 익스포트 중
                                                            3개의 행이 엑스포트되었습니다
EXP-00091: 불완전한 통계를 익스포트 중입니다.
EXP-00091: 불완전한 통계를 익스포트 중입니다.
. .                            CODE 테이블 익스포트 중
                                                            5개의 행이 엑스포트되었습니다
EXP-00091: 불완전한 통계를 익스포트 중입니다.
. .                            DEPT 테이블 익스포트 중
                                                            5개의 행이 엑스포트되었습니다
EXP-00091: 불완전한 통계를 익스포트 중입니다.
EXP-00091: 불완전한 통계를 익스포트 중입니다.
. .                      DEPT_TABLE 테이블 익스포트 중
                                                            7개의 행이 엑스포트되었습니다
EXP-00091: 불완전한 통계를 익스포트 중입니다.
EXP-00091: 불완전한 통계를 익스포트 중입니다.
. .                          DETAIL 테이블 익스포트 중
                                                            6개의 행이 엑스포트되었습니다
EXP-00091: 불완전한 통계를 익스포트 중입니다.
. .                     EDU_BUSEO_C 테이블 익스포트 중
                                                            0개의 행이 엑스포트되었습니다
EXP-00091: 불완전한 통계를 익스포트 중입니다.
EXP-00091: 불완전한 통계를 익스포트 중입니다.
. .                    EDU_JIKWON_M 테이블 익스포트 중
                                                            0개의 행이 엑스포트되었습니다
EXP-00091: 불완전한 통계를 익스포트 중입니다.
EXP-00091: 불완전한 통계를 익스포트 중입니다.
. .                            EM05 테이블 익스포트 중
                                                           15개의 행이 엑스포트되었습니다
EXP-00091: 불완전한 통계를 익스포트 중입니다.
. .                             EMP 테이블 익스포트 중
                                                           16개의 행이 엑스포트되었습니다
EXP-00091: 불완전한 통계를 익스포트 중입니다.
EXP-00091: 불완전한 통계를 익스포트 중입니다.
. .                   EMP_CHULGYEOL 테이블 익스포트 중
                                                           52개의 행이 엑스포트되었습니다
EXP-00091: 불완전한 통계를 익스포트 중입니다.
EXP-00091: 불완전한 통계를 익스포트 중입니다.
. .                        EMP_TEMP 테이블 익스포트 중
                                                           18개의 행이 엑스포트되었습니다
EXP-00091: 불완전한 통계를 익스포트 중입니다.
. .                            EMP1 테이블 익스포트 중
                                                           28개의 행이 엑스포트되었습니다
EXP-00091: 불완전한 통계를 익스포트 중입니다.
. .                            EMP2 테이블 익스포트 중
                                                            0개의 행이 엑스포트되었습니다
EXP-00091: 불완전한 통계를 익스포트 중입니다.
. .                          EMP507 테이블 익스포트 중
                                                            3개의 행이 엑스포트되었습니다
EXP-00091: 불완전한 통계를 익스포트 중입니다.
. .                          EMP508 테이블 익스포트 중
                                                            1개의 행이 엑스포트되었습니다
EXP-00091: 불완전한 통계를 익스포트 중입니다.
. .                          EMP510 테이블 익스포트 중
                                                            0개의 행이 엑스포트되었습니다
EXP-00091: 불완전한 통계를 익스포트 중입니다.
. .                          EMP581 테이블 익스포트 중
                                                            1개의 행이 엑스포트되었습니다
EXP-00091: 불완전한 통계를 익스포트 중입니다.
EXP-00091: 불완전한 통계를 익스포트 중입니다.
. .                          EMP584 테이블 익스포트 중
                                                            0개의 행이 엑스포트되었습니다
EXP-00091: 불완전한 통계를 익스포트 중입니다.
. .                          EMP585 테이블 익스포트 중
                                                            0개의 행이 엑스포트되었습니다
EXP-00091: 불완전한 통계를 익스포트 중입니다.
EXP-00091: 불완전한 통계를 익스포트 중입니다.
. .                          EMP608 테이블 익스포트 중
                                                            0개의 행이 엑스포트되었습니다
EXP-00091: 불완전한 통계를 익스포트 중입니다.
. .                       EMPDETAIL 테이블 익스포트 중
                                                           13개의 행이 엑스포트되었습니다
EXP-00091: 불완전한 통계를 익스포트 중입니다.
. .                       EMPFAMILY 테이블 익스포트 중
                                                           45개의 행이 엑스포트되었습니다
EXP-00091: 불완전한 통계를 익스포트 중입니다.
. .                          G_DEPT 테이블 익스포트 중
                                                            1개의 행이 엑스포트되었습니다
EXP-00091: 불완전한 통계를 익스포트 중입니다.
. .                       IC_COFFEE 테이블 익스포트 중
                                                            8개의 행이 엑스포트되었습니다
EXP-00091: 불완전한 통계를 익스포트 중입니다.
EXP-00091: 불완전한 통계를 익스포트 중입니다.
. .                  IC_COFFEE_BEAN 테이블 익스포트 중
                                                            5개의 행이 엑스포트되었습니다
EXP-00091: 불완전한 통계를 익스포트 중입니다.
EXP-00091: 불완전한 통계를 익스포트 중입니다.
EXP-00091: 불완전한 통계를 익스포트 중입니다.
. .                       IC_MEMBER 테이블 익스포트 중
                                                           24개의 행이 엑스포트되었습니다
EXP-00091: 불완전한 통계를 익스포트 중입니다.
EXP-00091: 불완전한 통계를 익스포트 중입니다.
. .                         IC_MENU 테이블 익스포트 중
                                                            4개의 행이 엑스포트되었습니다
EXP-00091: 불완전한 통계를 익스포트 중입니다.
EXP-00091: 불완전한 통계를 익스포트 중입니다.
. .                        IP_TABLE 테이블 익스포트 중
                                                           22개의 행이 엑스포트되었습니다
EXP-00091: 불완전한 통계를 익스포트 중입니다.
. .                         JSH_BUS 테이블 익스포트 중
                                                            2개의 행이 엑스포트되었습니다
EXP-00091: 불완전한 통계를 익스포트 중입니다.
EXP-00091: 불완전한 통계를 익스포트 중입니다.
. .                    JSH_BUS_SEAT 테이블 익스포트 중
                                                            2개의 행이 엑스포트되었습니다
EXP-00091: 불완전한 통계를 익스포트 중입니다.
EXP-00091: 불완전한 통계를 익스포트 중입니다.
. .                   JSH_PASSENGER 테이블 익스포트 중
                                                            3개의 행이 엑스포트되었습니다
EXP-00091: 불완전한 통계를 익스포트 중입니다.
EXP-00091: 불완전한 통계를 익스포트 중입니다.
. .                        JSJSTEST 테이블 익스포트 중
                                                           16개의 행이 엑스포트되었습니다
EXP-00091: 불완전한 통계를 익스포트 중입니다.
. .                          JSTEST 테이블 익스포트 중
                                                           15개의 행이 엑스포트되었습니다
EXP-00091: 불완전한 통계를 익스포트 중입니다.
. .                     LEC_COMPANY 테이블 익스포트 중
                                                           15개의 행이 엑스포트되었습니다
EXP-00091: 불완전한 통계를 익스포트 중입니다.
EXP-00091: 불완전한 통계를 익스포트 중입니다.
. .                        LEC_DEPT 테이블 익스포트 중
                                                            5개의 행이 엑스포트되었습니다
EXP-00091: 불완전한 통계를 익스포트 중입니다.
. .                   LEC_EMPDETAIL 테이블 익스포트 중
                                                           13개의 행이 엑스포트되었습니다
EXP-00091: 불완전한 통계를 익스포트 중입니다.
. .                           LIMSO 테이블 익스포트 중
                                                            0개의 행이 엑스포트되었습니다
EXP-00091: 불완전한 통계를 익스포트 중입니다.
. .                        LOC_CODE 테이블 익스포트 중
                                                            4개의 행이 엑스포트되었습니다
EXP-00091: 불완전한 통계를 익스포트 중입니다.
. .                            MAIN 테이블 익스포트 중
                                                            5개의 행이 엑스포트되었습니다
EXP-00091: 불완전한 통계를 익스포트 중입니다.
. .                       PERSONNEL 테이블 익스포트 중
                                                            7개의 행이 엑스포트되었습니다
EXP-00091: 불완전한 통계를 익스포트 중입니다.
EXP-00091: 불완전한 통계를 익스포트 중입니다.
. .                      PLAN_TABLE 테이블 익스포트 중
                                                            0개의 행이 엑스포트되었습니다
EXP-00091: 불완전한 통계를 익스포트 중입니다.
. .                      PROF_TABLE 테이블 익스포트 중
                                                            8개의 행이 엑스포트되었습니다
EXP-00091: 불완전한 통계를 익스포트 중입니다.
EXP-00091: 불완전한 통계를 익스포트 중입니다.
. .                           SALES 테이블 익스포트 중
                                                            1개의 행이 엑스포트되었습니다
EXP-00091: 불완전한 통계를 익스포트 중입니다.
. .                      SALES_DATA 테이블 익스포트 중
                                                            7개의 행이 엑스포트되었습니다
EXP-00091: 불완전한 통계를 익스포트 중입니다.
. .                        SALGRADE 테이블 익스포트 중
                                                            5개의 행이 엑스포트되었습니다
EXP-00091: 불완전한 통계를 익스포트 중입니다.
. .                  SALGRADE_TABLE 테이블 익스포트 중
                                                            3개의 행이 엑스포트되었습니다
EXP-00091: 불완전한 통계를 익스포트 중입니다.
. .                         SE_CART 테이블 익스포트 중
                                                            3개의 행이 엑스포트되었습니다
EXP-00091: 불완전한 통계를 익스포트 중입니다.
EXP-00091: 불완전한 통계를 익스포트 중입니다.
. .                       SE_MEMBER 테이블 익스포트 중
                                                            5개의 행이 엑스포트되었습니다
EXP-00091: 불완전한 통계를 익스포트 중입니다.
EXP-00091: 불완전한 통계를 익스포트 중입니다.
. .                         SE_PROD 테이블 익스포트 중
                                                            6개의 행이 엑스포트되었습니다
EXP-00091: 불완전한 통계를 익스포트 중입니다.
EXP-00091: 불완전한 통계를 익스포트 중입니다.
. .                       SEOLMUN_M 테이블 익스포트 중
                                                           11개의 행이 엑스포트되었습니다
EXP-00091: 불완전한 통계를 익스포트 중입니다.
. .                     SEOLMUN_M_X 테이블 익스포트 중
                                                            0개의 행이 엑스포트되었습니다
EXP-00091: 불완전한 통계를 익스포트 중입니다.
. .                      SEOLMUN_M2 테이블 익스포트 중
                                                           11개의 행이 엑스포트되었습니다
EXP-00091: 불완전한 통계를 익스포트 중입니다.
. .                SF_JIWONSAHANG_D 테이블 익스포트 중
                                                            0개의 행이 엑스포트되었습니다
EXP-00091: 불완전한 통계를 익스포트 중입니다.
. .                     SH_CATEGORI 테이블 익스포트 중
                                                            9개의 행이 엑스포트되었습니다
EXP-00091: 불완전한 통계를 익스포트 중입니다.
EXP-00091: 불완전한 통계를 익스포트 중입니다.
. .                      SH_PRODUCT 테이블 익스포트 중
                                                           42개의 행이 엑스포트되었습니다
EXP-00091: 불완전한 통계를 익스포트 중입니다.
EXP-00091: 불완전한 통계를 익스포트 중입니다.
. .                        SH_STOCK 테이블 익스포트 중
                                                           41개의 행이 엑스포트되었습니다
EXP-00091: 불완전한 통계를 익스포트 중입니다.
. .                         STUDENT 테이블 익스포트 중
                                                           10개의 행이 엑스포트되었습니다
EXP-00091: 불완전한 통계를 익스포트 중입니다.
. .                        STUDENTS 테이블 익스포트 중
                                                            0개의 행이 엑스포트되었습니다
EXP-00091: 불완전한 통계를 익스포트 중입니다.
EXP-00091: 불완전한 통계를 익스포트 중입니다.
. .                    STUDENTS_TAB 테이블 익스포트 중
                                                           16개의 행이 엑스포트되었습니다
EXP-00091: 불완전한 통계를 익스포트 중입니다.
EXP-00091: 불완전한 통계를 익스포트 중입니다.
. .                        SUBJECTS 테이블 익스포트 중
                                                            0개의 행이 엑스포트되었습니다
EXP-00091: 불완전한 통계를 익스포트 중입니다.
EXP-00091: 불완전한 통계를 익스포트 중입니다.
. .                        TB_BOARD 테이블 익스포트 중
                                                            0개의 행이 엑스포트되었습니다
EXP-00091: 불완전한 통계를 익스포트 중입니다.
. .                            TEMP 테이블 익스포트 중
                                                            0개의 행이 엑스포트되었습니다
EXP-00091: 불완전한 통계를 익스포트 중입니다.
. .                 TEMP_DEPT_TABLE 테이블 익스포트 중
                                                            7개의 행이 엑스포트되었습니다
EXP-00091: 불완전한 통계를 익스포트 중입니다.
. .                 TEMP_PROF_TABLE 테이블 익스포트 중
                                                            8개의 행이 엑스포트되었습니다
EXP-00091: 불완전한 통계를 익스포트 중입니다.
. .             TEMP_SALGRADE_TABLE 테이블 익스포트 중
                                                            3개의 행이 엑스포트되었습니다
EXP-00091: 불완전한 통계를 익스포트 중입니다.
. .               TEMP_STUDENTS_TAB 테이블 익스포트 중
                                                           16개의 행이 엑스포트되었습니다
EXP-00091: 불완전한 통계를 익스포트 중입니다.
. .                      TEST_TABLE 테이블 익스포트 중
                                                            3개의 행이 엑스포트되었습니다
EXP-00091: 불완전한 통계를 익스포트 중입니다.
EXP-00091: 불완전한 통계를 익스포트 중입니다.
. .                    TEST_TABLE_X 테이블 익스포트 중
                                                            3개의 행이 엑스포트되었습니다
EXP-00091: 불완전한 통계를 익스포트 중입니다.
. .                          TMPTBL 테이블 익스포트 중
                                                            6개의 행이 엑스포트되었습니다
EXP-00091: 불완전한 통계를 익스포트 중입니다.
. .                 TOAD_PLAN_TABLE 테이블 익스포트 중
                                                            0개의 행이 엑스포트되었습니다
EXP-00091: 불완전한 통계를 익스포트 중입니다.
. .                        YJ_MAJOR 테이블 익스포트 중
                                                           11개의 행이 엑스포트되었습니다
EXP-00091: 불완전한 통계를 익스포트 중입니다.
EXP-00091: 불완전한 통계를 익스포트 중입니다.
. .                      YJ_PROFILE 테이블 익스포트 중
                                                           16개의 행이 엑스포트되었습니다
EXP-00091: 불완전한 통계를 익스포트 중입니다.
EXP-00091: 불완전한 통계를 익스포트 중입니다.
. .                      YJ_STUDENT 테이블 익스포트 중
                                                           16개의 행이 엑스포트되었습니다
EXP-00091: 불완전한 통계를 익스포트 중입니다.
EXP-00091: 불완전한 통계를 익스포트 중입니다.
. .                         YJ_TEST 테이블 익스포트 중
                                                            5개의 행이 엑스포트되었습니다
EXP-00091: 불완전한 통계를 익스포트 중입니다.
. .                        YJ_TEST2 테이블 익스포트 중
                                                            6개의 행이 엑스포트되었습니다
EXP-00091: 불완전한 통계를 익스포트 중입니다.
EXP-00091: 불완전한 통계를 익스포트 중입니다.
익스포트가 경고를 보이며 성공적으로 끝났습니다
